1
0
1
AS_TRUSS
1
PART_TRUSS
PART_TRUSS
1
PART_TRUSS
255
1 1
2 2
3 3
4 4
5 5
6 11
7 12
8 13
9 14
10 1000
11 1001
12 1002
13 1003
14 1004
15 1005
16 1006
17 1007
18 1008
19 1009
20 1010
21 1011
22 1012
23 1013
24 1014
25 1015
26 1016
27 1017
28 1018
29 1019
30 1020
31 1021
32 1022
33 1023
34 1024
35 1025
36 1026
37 1027
38 1028
39 1100
40 1101
41 1102
42 1103
43 1104
44 1105
45 1106
46 1107
47 1108
48 1109
49 1110
50 1111
51 1112
52 1113
53 1114
54 1115
55 1116
56 1117
57 1118
58 1119
59 1120
60 1121
61 1122
62 1123
63 1124
64 1125
65 1126
66 1127
67 1128
68 1129
69 1130
70 1131
71 1132
72 1133
73 1134
74 1200
75 1201
76 1202
77 1203
78 1204
79 1205
80 1206
81 1207
82 1208
83 1209
84 1210
85 1211
86 1212
87 1213
88 1214
89 1215
90 1216
91 1217
92 1218
93 1219
94 1220
95 1221
96 1222
97 1223
98 1224
99 1225
100 1226
101 1227
102 1228
103 1300
104 1301
105 1302
106 1303
107 1304
108 1305
109 1306
110 1307
111 1308
112 1309
113 1310
114 1311
115 1312
116 1313
117 1314
118 1315
119 1316
120 1317
121 1318
122 1319
123 1320
124 1321
125 1322
126 1323
127 1324
128 1325
129 1326
130 1327
131 1328
132 1329
133 1400
134 1401
135 1402
136 1403
137 1404
138 1405
139 1406
140 1407
141 1408
142 1409
143 1410
144 1411
145 1412
146 1413
147 1414
148 1415
149 1416
150 1417
151 1418
152 1419
153 1420
154 1421
155 1422
156 1423
157 1424
158 1425
159 1426
160 1427
161 1428
162 1429
163 1500
164 1501
165 1502
166 1503
167 1504
168 1505
169 1506
170 1507
171 1508
172 1509
173 1510
174 1511
175 1512
176 1513
177 1514
178 1515
179 1516
180 1517
181 1518
182 1519
183 1520
184 1521
185 1522
186 1523
187 1524
188 1525
189 1526
190 1527
191 1528
192 1600
193 1601
194 1602
195 1603
196 1604
197 1605
198 1606
199 1607
200 1608
201 1609
202 1610
203 1611
204 1612
205 1613
206 1614
207 1615
208 1616
209 1617
210 1618
211 1619
212 1620
213 1621
214 1622
215 1623
216 1624
217 1625
218 1626
219 1627
220 1628
221 1629
222 1630
223 1631
224 1632
225 1633
226 1634
227 1700
228 1701
229 1702
230 1703
231 1704
232 1705
233 1706
234 1707
235 1708
236 1709
237 1710
238 1711
239 1712
240 1713
241 1714
242 1715
243 1716
244 1717
245 1718
246 1719
247 1720
248 1721
249 1722
250 1723
251 1724
252 1725
253 1726
254 1727
255 1728
1 1
2 2
3 3
4 4
5 5
11 6
12 7
13 8
14 9
1000 10
1001 11
1002 12
1003 13
1004 14
1005 15
1006 16
1007 17
1008 18
1009 19
1010 20
1011 21
1012 22
1013 23
1014 24
1015 25
1016 26
1017 27
1018 28
1019 29
1020 30
1021 31
1022 32
1023 33
1024 34
1025 35
1026 36
1027 37
1028 38
1100 39
1101 40
1102 41
1103 42
1104 43
1105 44
1106 45
1107 46
1108 47
1109 48
1110 49
1111 50
1112 51
1113 52
1114 53
1115 54
1116 55
1117 56
1118 57
1119 58
1120 59
1121 60
1122 61
1123 62
1124 63
1125 64
1126 65
1127 66
1128 67
1129 68
1130 69
1131 70
1132 71
1133 72
1134 73
1200 74
1201 75
1202 76
1203 77
1204 78
1205 79
1206 80
1207 81
1208 82
1209 83
1210 84
1211 85
1212 86
1213 87
1214 88
1215 89
1216 90
1217 91
1218 92
1219 93
1220 94
1221 95
1222 96
1223 97
1224 98
1225 99
1226 100
1227 101
1228 102
1300 103
1301 104
1302 105
1303 106
1304 107
1305 108
1306 109
1307 110
1308 111
1309 112
1310 113
1311 114
1312 115
1313 116
1314 117
1315 118
1316 119
1317 120
1318 121
1319 122
1320 123
1321 124
1322 125
1323 126
1324 127
1325 128
1326 129
1327 130
1328 131
1329 132
1400 133
1401 134
1402 135
1403 136
1404 137
1405 138
1406 139
1407 140
1408 141
1409 142
1410 143
1411 144
1412 145
1413 146
1414 147
1415 148
1416 149
1417 150
1418 151
1419 152
1420 153
1421 154
1422 155
1423 156
1424 157
1425 158
1426 159
1427 160
1428 161
1429 162
1500 163
1501 164
1502 165
1503 166
1504 167
1505 168
1506 169
1507 170
1508 171
1509 172
1510 173
1511 174
1512 175
1513 176
1514 177
1515 178
1516 179
1517 180
1518 181
1519 182
1520 183
1521 184
1522 185
1523 186
1524 187
1525 188
1526 189
1527 190
1528 191
1600 192
1601 193
1602 194
1603 195
1604 196
1605 197
1606 198
1607 199
1608 200
1609 201
1610 202
1611 203
1612 204
1613 205
1614 206
1615 207
1616 208
1617 209
1618 210
1619 211
1620 212
1621 213
1622 214
1623 215
1624 216
1625 217
1626 218
1627 219
1628 220
1629 221
1630 222
1631 223
1632 224
1633 225
1634 226
1700 227
1701 228
1702 229
1703 230
1704 231
1705 232
1706 233
1707 234
1708 235
1709 236
1710 237
1711 238
1712 239
1713 240
1714 241
1715 242
1716 243
1717 244
1718 245
1719 246
1720 247
1721 248
1722 249
1723 250
1724 251
1725 252
1726 253
1727 254
1728 255
0
1
PART_TRUSS
253
1 100
2 101
3 102
4 103
5 201
6 202
7 203
8 1001
9 1002
10 1003
11 1004
12 1005
13 1006
14 1007
15 1008
16 1009
17 1010
18 1011
19 1012
20 1013
21 1014
22 1015
23 1016
24 1017
25 1018
26 1019
27 1020
28 1021
29 1022
30 1023
31 1024
32 1025
33 1026
34 1027
35 1028
36 1029
37 1101
38 1102
39 1103
40 1104
41 1105
42 1106
43 1107
44 1108
45 1109
46 1110
47 1111
48 1112
49 1113
50 1114
51 1115
52 1116
53 1117
54 1118
55 1119
56 1120
57 1121
58 1122
59 1123
60 1124
61 1125
62 1126
63 1127
64 1128
65 1129
66 1130
67 1131
68 1132
69 1133
70 1134
71 1135
72 1201
73 1202
74 1203
75 1204
76 1205
77 1206
78 1207
79 1208
80 1209
81 1210
82 1211
83 1212
84 1213
85 1214
86 1215
87 1216
88 1217
89 1218
90 1219
91 1220
92 1221
93 1222
94 1223
95 1224
96 1225
97 1226
98 1227
99 1228
100 1229
101 1301
102 1302
103 1303
104 1304
105 1305
106 1306
107 1307
108 1308
109 1309
110 1310
111 1311
112 1312
113 1313
114 1314
115 1315
116 1316
117 1317
118 1318
119 1319
120 1320
121 1321
122 1322
123 1323
124 1324
125 1325
126 1326
127 1327
128 1328
129 1329
130 1330
131 1401
132 1402
133 1403
134 1404
135 1405
136 1406
137 1407
138 1408
139 1409
140 1410
141 1411
142 1412
143 1413
144 1414
145 1415
146 1416
147 1417
148 1418
149 1419
150 1420
151 1421
152 1422
153 1423
154 1424
155 1425
156 1426
157 1427
158 1428
159 1429
160 1430
161 1501
162 1502
163 1503
164 1504
165 1505
166 1506
167 1507
168 1508
169 1509
170 1510
171 1511
172 1512
173 1513
174 1514
175 1515
176 1516
177 1517
178 1518
179 1519
180 1520
181 1521
182 1522
183 1523
184 1524
185 1525
186 1526
187 1527
188 1528
189 1529
190 1601
191 1602
192 1603
193 1604
194 1605
195 1606
196 1607
197 1608
198 1609
199 1610
200 1611
201 1612
202 1613
203 1614
204 1615
205 1616
206 1617
207 1618
208 1619
209 1620
210 1621
211 1622
212 1623
213 1624
214 1625
215 1626
216 1627
217 1628
218 1629
219 1630
220 1631
221 1632
222 1633
223 1634
224 1635
225 1701
226 1702
227 1703
228 1704
229 1705
230 1706
231 1707
232 1708
233 1709
234 1710
235 1711
236 1712
237 1713
238 1714
239 1715
240 1716
241 1717
242 1718
243 1719
244 1720
245 1721
246 1722
247 1723
248 1724
249 1725
250 1726
251 1727
252 1728
253 1729
100 1
101 2
102 3
103 4
201 5
202 6
203 7
1001 8
1002 9
1003 10
1004 11
1005 12
1006 13
1007 14
1008 15
1009 16
1010 17
1011 18
1012 19
1013 20
1014 21
1015 22
1016 23
1017 24
1018 25
1019 26
1020 27
1021 28
1022 29
1023 30
1024 31
1025 32
1026 33
1027 34
1028 35
1029 36
1101 37
1102 38
1103 39
1104 40
1105 41
1106 42
1107 43
1108 44
1109 45
1110 46
1111 47
1112 48
1113 49
1114 50
1115 51
1116 52
1117 53
1118 54
1119 55
1120 56
1121 57
1122 58
1123 59
1124 60
1125 61
1126 62
1127 63
1128 64
1129 65
1130 66
1131 67
1132 68
1133 69
1134 70
1135 71
1201 72
1202 73
1203 74
1204 75
1205 76
1206 77
1207 78
1208 79
1209 80
1210 81
1211 82
1212 83
1213 84
1214 85
1215 86
1216 87
1217 88
1218 89
1219 90
1220 91
1221 92
1222 93
1223 94
1224 95
1225 96
1226 97
1227 98
1228 99
1229 100
1301 101
1302 102
1303 103
1304 104
1305 105
1306 106
1307 107
1308 108
1309 109
1310 110
1311 111
1312 112
1313 113
1314 114
1315 115
1316 116
1317 117
1318 118
1319 119
1320 120
1321 121
1322 122
1323 123
1324 124
1325 125
1326 126
1327 127
1328 128
1329 129
1330 130
1401 131
1402 132
1403 133
1404 134
1405 135
1406 136
1407 137
1408 138
1409 139
1410 140
1411 141
1412 142
1413 143
1414 144
1415 145
1416 146
1417 147
1418 148
1419 149
1420 150
1421 151
1422 152
1423 153
1424 154
1425 155
1426 156
1427 157
1428 158
1429 159
1430 160
1501 161
1502 162
1503 163
1504 164
1505 165
1506 166
1507 167
1508 168
1509 169
1510 170
1511 171
1512 172
1513 173
1514 174
1515 175
1516 176
1517 177
1518 178
1519 179
1520 180
1521 181
1522 182
1523 183
1524 184
1525 185
1526 186
1527 187
1528 188
1529 189
1601 190
1602 191
1603 192
1604 193
1605 194
1606 195
1607 196
1608 197
1609 198
1610 199
1611 200
1612 201
1613 202
1614 203
1615 204
1616 205
1617 206
1618 207
1619 208
1620 209
1621 210
1622 211
1623 212
1624 213
1625 214
1626 215
1627 216
1628 217
1629 218
1630 219
1631 220
1632 221
1633 222
1634 223
1635 224
1701 225
1702 226
1703 227
1704 228
1705 229
1706 230
1707 231
1708 232
1709 233
1710 234
1711 235
1712 236
1713 237
1714 238
1715 239
1716 240
1717 241
1718 242
1719 243
1720 244
1721 245
1722 246
1723 247
1724 248
1725 249
1726 250
1727 251
1728 252
1729 253
0
0
1
PART_TRUSS
25
DIA1
0
1
27
8 9 10 11 12 13 14 15 16 17 18 19 20 21 22 23 24 25 26 27 28 29 30 31 32 33 34 
0
0
DIA1_J1
0
1
1
35 
0
0
DIA1_J2
0
1
1
36 
0
0
DIA2
0
1
33
37 38 39 40 41 42 43 44 45 46 47 48 49 50 51 52 53 54 55 56 57 58 59 60 61 62 63 64 65 66 67 68 69 
0
0
DIA2_J1
0
1
1
70 
0
0
DIA2_J2
0
1
1
71 
0
0
DIA3
0
1
27
72 73 74 75 76 77 78 79 80 81 82 83 84 85 86 87 88 89 90 91 92 93 94 95 96 97 98 
0
0
DIA3_J1
0
1
1
99 
0
0
DIA3_J2
0
1
1
100 
0
0
DIA4
0
1
28
101 102 103 104 105 106 107 108 109 110 111 112 113 114 115 116 117 118 119 120 121 122 123 124 125 126 127 128 
0
0
DIA4_J1
0
1
1
129 
0
0
DIA4_J2
0
1
1
130 
0
0
DIA5
0
1
28
131 132 133 134 135 136 137 138 139 140 141 142 143 144 145 146 147 148 149 150 151 152 153 154 155 156 157 158 
0
0
DIA5_J1
0
1
1
159 
0
0
DIA5_J2
0
1
1
160 
0
0
DIA6
0
1
27
161 162 163 164 165 166 167 168 169 170 171 172 173 174 175 176 177 178 179 180 181 182 183 184 185 186 187 
0
0
DIA6_J1
0
1
1
188 
0
0
DIA6_J2
0
1
1
189 
0
0
DIA7
0
1
33
190 191 192 193 194 195 196 197 198 199 200 201 202 203 204 205 206 207 208 209 210 211 212 213 214 215 216 217 218 219 220 221 222 
0
0
DIA7_J1
0
1
1
223 
0
0
DIA7_J2
0
1
1
224 
0
0
DIA8
0
1
27
225 226 227 228 229 230 231 232 233 234 235 236 237 238 239 240 241 242 243 244 245 246 247 248 249 250 251 
0
0
DIA8_J1
0
1
1
252 
0
0
DIA8_J2
0
1
1
253 
0
0
TRUSS_CHORD
0
1
7
1 2 3 4 5 6 7 
0
0
0
0
1
PART_TRUSS
10
DIA1
0
1
28
11 12 13 14 15 16 17 18 19 20 21 22 23 24 25 26 27 28 29 30 31 32 33 34 35 36 37 38 
0
0
DIA2
0
1
34
40 41 42 43 44 45 46 47 48 49 50 51 52 53 54 55 56 57 58 59 60 61 62 63 64 65 66 67 68 69 70 71 72 73 
0
0
DIA3
0
1
28
75 76 77 78 79 80 81 82 83 84 85 86 87 88 89 90 91 92 93 94 95 96 97 98 99 100 101 102 
0
0
DIA4
0
1
29
104 105 106 107 108 109 110 111 112 113 114 115 116 117 118 119 120 121 122 123 124 125 126 127 128 129 130 131 132 
0
0
DIA5
0
1
29
134 135 136 137 138 139 140 141 142 143 144 145 146 147 148 149 150 151 152 153 154 155 156 157 158 159 160 161 162 
0
0
DIA6
0
1
28
164 165 166 167 168 169 170 171 172 173 174 175 176 177 178 179 180 181 182 183 184 185 186 187 188 189 190 191 
0
0
DIA7
0
1
34
193 194 195 196 197 198 199 200 201 202 203 204 205 206 207 208 209 210 211 212 213 214 215 216 217 218 219 220 221 222 223 224 225 226 
0
0
DIA8
0
1
28
228 229 230 231 232 233 234 235 236 237 238 239 240 241 242 243 244 245 246 247 248 249 250 251 252 253 254 255 
0
0
NODES_CHORD
0
1
9
1 2 3 4 5 6 7 8 9 
0
0
SUPPORT
0
1
2
1 5 
0
0
0
0
0
