1
0
1
ASSEMBLY_FRAME
1
PART_FRAME
PART_FRAME
1
PART_FRAME
42
1 1001
2 1002
3 1003
4 1004
5 1005
6 1006
7 1007
8 1008
9 1009
10 1010
11 1011
12 1012
13 1013
14 1014
15 1015
16 1016
17 1017
18 1018
19 1019
20 1020
21 1021
22 2001
23 2002
24 2003
25 2004
26 2005
27 2006
28 2007
29 2008
30 2009
31 2010
32 2011
33 2012
34 2013
35 2014
36 2015
37 2016
38 2017
39 2018
40 2019
41 2020
42 2021
1001 1
1002 2
1003 3
1004 4
1005 5
1006 6
1007 7
1008 8
1009 9
1010 10
1011 11
1012 12
1013 13
1014 14
1015 15
1016 16
1017 17
1018 18
1019 19
1020 20
1021 21
2001 22
2002 23
2003 24
2004 25
2005 26
2006 27
2007 28
2008 29
2009 30
2010 31
2011 32
2012 33
2013 34
2014 35
2015 36
2016 37
2017 38
2018 39
2019 40
2020 41
2021 42
0
1
PART_FRAME
40
1 1001
2 1002
3 1003
4 1004
5 1005
6 1006
7 1007
8 1008
9 1009
10 1010
11 1011
12 1012
13 1013
14 1014
15 1015
16 1016
17 1017
18 1018
19 1019
20 1020
21 2001
22 2002
23 2003
24 2004
25 2005
26 2006
27 2007
28 2008
29 2009
30 2010
31 2011
32 2012
33 2013
34 2014
35 2015
36 2016
37 2017
38 2018
39 2019
40 2020
1001 1
1002 2
1003 3
1004 4
1005 5
1006 6
1007 7
1008 8
1009 9
1010 10
1011 11
1012 12
1013 13
1014 14
1015 15
1016 16
1017 17
1018 18
1019 19
1020 20
2001 21
2002 22
2003 23
2004 24
2005 25
2006 26
2007 27
2008 28
2009 29
2010 30
2011 31
2012 32
2013 33
2014 34
2015 35
2016 36
2017 37
2018 38
2019 39
2020 40
0
0
1
PART_FRAME
2
AB
0
1
20
1 2 3 4 5 6 7 8 9 10 11 12 13 14 15 16 17 18 19 20 
0
0
BC
0
1
20
21 22 23 24 25 26 27 28 29 30 31 32 33 34 35 36 37 38 39 40 
0
0
0
0
1
PART_FRAME
5
AB
0
1
21
1 2 3 4 5 6 7 8 9 10 11 12 13 14 15 16 17 18 19 20 21 
0
0
BC
0
1
21
22 23 24 25 26 27 28 29 30 31 32 33 34 35 36 37 38 39 40 41 42 
0
0
SUPPORT_A
0
1
1
1 
0
0
SUPPORT_B
0
1
1
21 
0
0
SUPPORT_C
0
1
1
42 
0
0
0
0
0
