1
0
1
ASSEMBLY_TRUSS
1
PART_TRUSS
PART_TRUSS
1
PART_TRUSS
9
1 1
2 2
3 3
4 4
5 5
6 11
7 12
8 13
9 14
1 1
2 2
3 3
4 4
5 5
11 6
12 7
13 8
14 9
0
1
PART_TRUSS
15
1 100
2 101
3 102
4 103
5 201
6 202
7 203
8 301
9 302
10 303
11 304
12 305
13 306
14 307
15 308
100 1
101 2
102 3
103 4
201 5
202 6
203 7
301 8
302 9
303 10
304 11
305 12
306 13
307 14
308 15
0
0
1
PART_TRUSS
1
TRUSS_ELEMENTS
0
1
15
1 2 3 4 5 6 7 8 9 10 11 12 13 14 15 
0
0
0
0
1
PART_TRUSS
3
NODES_BOTTOM
0
1
5
1 2 3 4 5 
0
0
NODES_TOP
0
1
4
6 7 8 9 
0
0
SUPPORT
0
1
2
1 5 
0
0
0
0
0
